2024-12-02 17:48:08 [undefined] info: Server is listening...
2024-12-02 17:48:27 [undefined] info: Server is listening...
2024-12-02 17:48:55 [undefined] info: Server is listening...
2024-12-02 18:14:02 [undefined] info: Server is listening...
2024-12-02 18:27:27 [undefined] info: Server is listening...
2024-12-02 18:29:02 [undefined] info: Server is listening...
2024-12-02 20:05:26 [undefined] info: Server is listening...
2024-12-02 20:06:48 [undefined] info: Server is listening...
2024-12-02 20:07:16 [undefined] info: Server is listening...
2024-12-02 20:09:21 [undefined] info: Server is listening...
2024-12-02 20:09:30 [undefined] info: Server is listening...
2024-12-02 20:10:56 [undefined] info: Server is listening...
2024-12-02 20:11:06 [undefined] info: Server is listening...
2024-12-02 20:11:17 [undefined] info: Server is listening...
2024-12-02 20:11:28 [undefined] info: Server is listening...
2024-12-02 20:11:48 [undefined] info: Server is listening...
2024-12-02 20:11:59 [undefined] info: Server is listening...
2024-12-02 20:12:24 [undefined] info: Server is listening...
2024-12-02 20:18:24 [undefined] info: Server is listening...
2024-12-02 20:18:58 [undefined] info: Server is listening...
2024-12-02 20:19:20 [undefined] info: Server is listening...
2024-12-02 20:19:46 [undefined] info: Server is listening...
2024-12-02 20:21:12 [undefined] info: PORT: 3000 / Server is listening...
2024-12-02 20:24:12 [undefined] info: PORT: 3000 / Server is listening...
2024-12-02 20:24:31 [undefined] info: PORT: 3000 / Server is listening...
2024-12-02 20:24:46 [undefined] info: PORT: 3000 / Server is listening...
2024-12-02 20:27:22 [undefined] info: PORT: 3000 / Server is listening...
2024-12-02 20:27:54 [undefined] info: PORT: 3000 / Server is listening...
2024-12-02 20:28:11 [undefined] info: PORT: 3000 / Server is listening...
2024-12-02 20:28:21 [undefined] info: PORT: 3000 / Server is listening...
2024-12-02 20:28:48 [undefined] info: PORT: 3000 / Server is listening...
2024-12-02 20:29:57 [undefined] info: PORT: 3000 / Server is listening...
2024-12-02 20:31:52 [undefined] info: PORT: 3000 / Server is listening...
2024-12-02 20:32:05 [undefined] info: PORT: 3000 / Server is listening...
2024-12-02 20:32:52 [APIKeyPER] info: PORT: 3000 / Server is listening...
2024-12-02 20:33:32 [APIKeyPER] info: PORT: 3000 / Server is listening...
2024-12-02 20:36:06 [APIKeyPER] error: 토큰 데이터 저장 실패
2024-12-02 20:39:09 [APIKeyPER] info: PORT: 3000 / Server is listening...
2024-12-02 20:39:18 [APIKeyPER] info: :201:POST /token 토큰 데이터 저장 성공
